::1 - - [06/Feb/2021:03:52:12 +0000] "GET /posts HTTP/1.1" 404 32
::1 - - [06/Feb/2021:03:52:16 +0000] "GET /mock HTTP/1.1" 404 32
::1 - - [06/Feb/2021:03:52:18 +0000] "POST /mock HTTP/1.1" 500 394
::1 - - [06/Feb/2021:03:52:50 +0000] "POST /mock HTTP/1.1" 500 394
::1 - - [06/Feb/2021:03:53:58 +0000] "POST /mock HTTP/1.1" 200 70
::1 - - [06/Feb/2021:03:56:39 +0000] "POST /mock HTTP/1.1" 200 70
::1 - - [06/Feb/2021:03:58:28 +0000] "POST /mock HTTP/1.1" 500 335
::1 - - [06/Feb/2021:03:59:01 +0000] "POST /mock HTTP/1.1" 200 99
::1 - - [06/Feb/2021:03:59:50 +0000] "POST /mock HTTP/1.1" 500 552
::1 - - [06/Feb/2021:03:59:59 +0000] "POST /mock HTTP/1.1" 200 192
::1 - - [06/Feb/2021:04:11:30 +0000] "POST /mock HTTP/1.1" 200 262
::1 - - [06/Feb/2021:14:23:50 +0000] "POST /mock HTTP/1.1" 200 262
::1 - - [06/Feb/2021:14:25:00 +0000] "GET /mock/601ea6769b8997189b2ec0aa HTTP/1.1" - -
::1 - - [06/Feb/2021:14:25:59 +0000] "GET /mock/601ea6769b8997189b2ec0aa HTTP/1.1" - -
::1 - - [06/Feb/2021:14:26:21 +0000] "GET /mock/601ea6769b8997189b2ec0aa HTTP/1.1" 200 183
::1 - - [06/Feb/2021:14:26:55 +0000] "GET /mock/601ea6769b8997189b2ec0aa HTTP/1.1" 200 262
::1 - - [06/Feb/2021:15:00:24 +0000] "DELETE /mock/601ea6769b8997189b2ec0aa HTTP/1.1" 404 32
::1 - - [06/Feb/2021:15:00:46 +0000] "DELETE /mock/601ea6769b8997189b2ec0aa HTTP/1.1" 200 -
::1 - - [06/Feb/2021:15:00:48 +0000] "DELETE /mock/601ea6769b8997189b2ec0aa HTTP/1.1" 200 -
::1 - - [06/Feb/2021:15:00:49 +0000] "DELETE /mock/601ea6769b8997189b2ec0aa HTTP/1.1" 200 -
::1 - - [06/Feb/2021:15:00:50 +0000] "DELETE /mock/601ea6769b8997189b2ec0aa HTTP/1.1" 200 -
::1 - - [06/Feb/2021:15:00:56 +0000] "GET /mock/601ea6769b8997189b2ec0aa HTTP/1.1" 500 14
::1 - - [06/Feb/2021:15:01:00 +0000] "DELETE /mock/601ea6769b8997189b2ec0aa HTTP/1.1" 200 -
::1 - - [06/Feb/2021:15:02:08 +0000] "DELETE /mock/601ea6769b8997189b2ec0aa HTTP/1.1" - -
::1 - - [06/Feb/2021:15:02:20 +0000] "DELETE /mock/601ea6769b8997189b2ec0aa HTTP/1.1" 404 28
::1 - - [06/Feb/2021:15:02:25 +0000] "POST /mock HTTP/1.1" 200 262
::1 - - [06/Feb/2021:15:02:25 +0000] "POST /mock HTTP/1.1" 200 262
::1 - - [06/Feb/2021:15:02:29 +0000] "DELETE /mock/601eaf80eb084922ce92111c HTTP/1.1" 200 -
::1 - - [06/Feb/2021:15:02:30 +0000] "DELETE /mock/601eaf80eb084922ce92111c HTTP/1.1" 404 28
